<?xml version="1.0" encoding="UTF-8"?>
<!-- Generated by org.testng.reporters.JUnitReportReporter -->
<testsuite hostname="Shri" failures="0" tests="3" name="com.qa.test.AlertTest" time="16.618" errors="0" timestamp="2023-02-10T09:16:17 IST" skipped="0">
  <testcase classname="com.qa.test.AlertTest" name="TestALerts" time="5.219"/>
  <system-out/>
  <testcase classname="com.qa.test.AlertTest" name="testConfirmAlert" time="5.523"/>
  <system-out/>
  <testcase classname="com.qa.test.AlertTest" name="testPromtAlert" time="5.876"/>
  <system-out/>
</testsuite> <!-- com.qa.test.AlertTest -->
