<?xml version="1.0" encoding="UTF-8"?>
<!-- Generated by org.testng.reporters.JUnitReportReporter -->
<testsuite hostname="Shri" failures="0" tests="2" name="com.qa.test.IframeTest" time="20.510" errors="0" timestamp="2023-02-10T09:16:17 IST" skipped="0">
  <testcase classname="com.qa.test.IframeTest" name="testIframe1" time="10.667"/>
  <system-out/>
  <testcase classname="com.qa.test.IframeTest" name="testIframe2" time="9.843"/>
  <system-out/>
</testsuite> <!-- com.qa.test.IframeTest -->
