<?xml version="1.0" encoding="UTF-8"?>
<!-- Generated by org.testng.reporters.JUnitReportReporter -->
<testsuite hostname="Shri" failures="0" tests="3" name="com.qa.test.FrameTest" time="32.896" errors="0" timestamp="2023-02-10T09:16:17 IST" skipped="0">
  <testcase classname="com.qa.test.FrameTest" name="testLeftframe" time="11.401"/>
  <system-out/>
  <testcase classname="com.qa.test.FrameTest" name="testMiddleFrame" time="11.669"/>
  <system-out/>
  <testcase classname="com.qa.test.FrameTest" name="testRightFrame" time="9.826"/>
  <system-out/>
</testsuite> <!-- com.qa.test.FrameTest -->
