<?xml version="1.0" encoding="UTF-8"?>
<!-- Generated by org.testng.reporters.JUnitReportReporter -->
<testsuite hostname="Shri" failures="0" tests="1" name="testsQA.LoginTest" time="2.730" errors="0" timestamp="2023-02-11T20:57:09 IST" skipped="0">
  <testcase classname="testsQA.LoginTest" name="runBrowser" time="2.730"/>
  <system-out/>
</testsuite> <!-- testsQA.LoginTest -->
