<?xml version="1.0" encoding="UTF-8"?>
<!-- Generated by org.testng.reporters.JUnitReportReporter -->
<testsuite hostname="Shri" failures="0" tests="1" name="testsQA.LoginTest" time="3.588" errors="0" timestamp="2023-02-11T14:45:15 IST" skipped="0">
  <testcase classname="testsQA.LoginTest" name="runBrowser" time="3.588"/>
  <system-out/>
</testsuite> <!-- testsQA.LoginTest -->
