<?xml version="1.0" encoding="UTF-8"?>
<!-- Generated by org.testng.reporters.JUnitReportReporter -->
<testsuite hostname="Shri" failures="0" tests="1" name="com.qa.test.BrowserTest" time="0.011" errors="0" timestamp="2023-02-11T13:43:48 IST" skipped="0">
  <testcase classname="com.qa.test.BrowserTest" name="runBrowser" time="0.011"/>
  <system-out/>
</testsuite> <!-- com.qa.test.BrowserTest -->
