<?xml version="1.0" encoding="UTF-8"?>
<!-- Generated by org.testng.reporters.JUnitReportReporter -->
<testsuite hostname="Shri" failures="0" tests="1" name="testsQA.FliterTest" time="4.725" errors="0" timestamp="2023-02-11T21:51:07 IST" skipped="0">
  <testcase classname="testsQA.FliterTest" name="selectAsAtoZ" time="4.725"/>
  <system-out/>
</testsuite> <!-- testsQA.FliterTest -->
